<?xml version="1.0" encoding="UTF-8"?>
<!-- Generated by org.testng.reporters.JUnitReportReporter -->
<testsuite hostname="Raji-DRM" failures="0" tests="3" name="basics.DataProvideTest" time="15.042" errors="0" timestamp="2023-02-25T12:02:53 IST" skipped="0">
  <testcase classname="basics.DataProvideTest" name="loginTest" time="5.163"/>
  <system-out/>
  <testcase classname="basics.DataProvideTest" name="loginTest" time="5.741"/>
  <system-out/>
  <testcase classname="basics.DataProvideTest" name="loginTest" time="4.138"/>
  <system-out/>
</testsuite> <!-- basics.DataProvideTest -->
