<?xml version="1.0" encoding="UTF-8"?>
<!-- Generated by org.testng.reporters.JUnitReportReporter -->
<testsuite hostname="Raji-DRM" failures="0" tests="1" name="basics.MyContactFormLinkTest" time="1.124" errors="0" timestamp="2023-02-20T12:55:59 IST" skipped="0">
  <testcase classname="basics.MyContactFormLinkTest" name="linkTest" time="1.124"/>
  <system-out/>
</testsuite> <!-- basics.MyContactFormLinkTest -->
