<?xml version="1.0" encoding="UTF-8"?>
<!-- Generated by org.testng.reporters.JUnitReportReporter -->
<testsuite hostname="Raji-DRM" failures="0" tests="2" name="basics.MyContactFormLinkTest2" time="2.590" errors="0" timestamp="2023-02-20T13:09:33 IST" skipped="0">
  <testcase classname="basics.MyContactFormLinkTest2" name="linkTest" time="1.141"/>
  <system-out/>
  <testcase classname="basics.MyContactFormLinkTest2" name="loginTest" time="1.449"/>
  <system-out/>
</testsuite> <!-- basics.MyContactFormLinkTest2 -->
