<?xml version="1.0" encoding="UTF-8"?>
<!-- Generated by org.testng.reporters.JUnitReportReporter -->
<testsuite hostname="Raji-DRM" failures="0" tests="3" name="basics.ParameterizedTest" time="0.010" errors="0" timestamp="2023-02-23T12:00:41 IST" skipped="0">
  <testcase classname="basics.ParameterizedTest" name="loginTest" time="0.001"/>
  <system-out/>
  <testcase classname="basics.ParameterizedTest" name="loginTest" time="0.001"/>
  <system-out/>
  <testcase classname="basics.ParameterizedTest" name="loginTest" time="0.008"/>
  <system-out/>
</testsuite> <!-- basics.ParameterizedTest -->
