<?xml version="1.0" encoding="UTF-8"?>
<!-- Generated by org.testng.reporters.JUnitReportReporter -->
<testsuite hostname="Raji-DRM" failures="0" tests="3" name="basics.DataProviderTest2" time="17.501" errors="0" timestamp="2023-02-25T12:23:05 IST" skipped="0">
  <testcase classname="basics.DataProviderTest2" name="loginTest" time="7.293"/>
  <system-out/>
  <testcase classname="basics.DataProviderTest2" name="loginTest" time="6.202"/>
  <system-out/>
  <testcase classname="basics.DataProviderTest2" name="loginTest" time="4.006"/>
  <system-out/>
</testsuite> <!-- basics.DataProviderTest2 -->
