<?xml version="1.0" encoding="UTF-8"?>
<!-- Generated by org.testng.reporters.JUnitReportReporter -->
<testsuite hostname="Raji-DRM" failures="0" tests="1" name="basics.FirstExample" time="0.001" errors="0" timestamp="2023-03-06T13:04:19 IST" skipped="0">
  <testcase classname="basics.FirstExample" name="testRun" time="0.001"/>
  <system-out/>
</testsuite> <!-- basics.FirstExample -->
